[23Jan2025 00:00:46.789] [Server thread/INFO] [net.minecraft.server.MinecraftServer/]: bengy_999 has made the advancement [A Seedy Place]
[23Jan2025 00:02:02.158] [Server thread/INFO] [net.minecraft.server.MinecraftServer/]: aarincha_20160 was doused with corrosive acid by MazeHero547
[23Jan2025 00:02:19.279] [Server thread/INFO] [net.minecraft.server.MinecraftServer/]: [MazeHero547: Set own game mode to Creative Mode]
[23Jan2025 00:02:22.579] [Server thread/INFO] [net.minecraft.server.MinecraftServer/]: [MazeHero547: Set own game mode to Survival Mode]
[23Jan2025 00:02:42.245] [Server thread/INFO] [net.minecraft.server.MinecraftServer/]: [MazeHero547: Set own game mode to Creative Mode]
[23Jan2025 00:02:44.965] [Server thread/INFO] [net.minecraft.server.MinecraftServer/]: [MazeHero547: Set own game mode to Survival Mode]
[23Jan2025 00:02:58.278] [Server thread/INFO] [net.minecraft.server.MinecraftServer/]: [MazeHero547: Set own game mode to Creative Mode]
[23Jan2025 00:03:00.731] [Server thread/INFO] [net.minecraft.server.MinecraftServer/]: [MazeHero547: Set own game mode to Survival Mode]
[23Jan2025 00:03:06.732] [Server thread/INFO] [net.minecraft.server.MinecraftServer/]: aarincha_20160 has reached the goal [Clever Girl]
[23Jan2025 00:04:19.059] [Server thread/INFO] [net.minecraft.server.MinecraftServer/]: aarincha_20160 was slain by bengy_999
[23Jan2025 00:04:35.309] [Server thread/INFO] [net.minecraft.server.MinecraftServer/]: aarincha_20160 was shredded to ribbons
[23Jan2025 00:04:38.211] [Server thread/INFO] [net.minecraft.server.MinecraftServer/]: bengy_999 was drained of blood by MazeHero547
[23Jan2025 00:04:43.009] [Server thread/INFO] [net.minecraft.server.MinecraftServer/]: aarincha_20160 was shredded to ribbons
[23Jan2025 00:06:59.389] [Server thread/INFO] [net.minecraft.server.MinecraftServer/]: aarincha_20160 has made the advancement [Enchanter]
[23Jan2025 00:08:37.112] [Server thread/WARN] [net.minecraft.server.network.ServerGamePacketListenerImpl/]: Skeloraptor (vehicle of bengy_999) moved wrongly! 0.36405950456048686
[23Jan2025 00:08:37.159] [Server thread/WARN] [net.minecraft.server.network.ServerGamePacketListenerImpl/]: Skeloraptor (vehicle of bengy_999) moved wrongly! 0.8815517145486638
[23Jan2025 00:08:37.709] [Server thread/WARN] [net.minecraft.server.network.ServerGamePacketListenerImpl/]: Skeloraptor (vehicle of bengy_999) moved wrongly! 0.38928870978429586
[23Jan2025 00:08:37.710] [Server thread/WARN] [net.minecraft.server.network.ServerGamePacketListenerImpl/]: Skeloraptor (vehicle of bengy_999) moved wrongly! 1.1323133688501912
[23Jan2025 00:08:37.759] [Server thread/WARN] [net.minecraft.server.network.ServerGamePacketListenerImpl/]: Skeloraptor (vehicle of bengy_999) moved wrongly! 1.876202687461955
[23Jan2025 00:08:37.770] [Server thread/WARN] [net.minecraft.server.network.ServerGamePacketListenerImpl/]: Skeloraptor (vehicle of bengy_999) moved wrongly! 2.6209887354717694
[23Jan2025 00:08:37.860] [Server thread/WARN] [net.minecraft.server.network.ServerGamePacketListenerImpl/]: Skeloraptor (vehicle of bengy_999) moved wrongly! 3.36441978952314
[23Jan2025 00:08:43.722] [Server thread/WARN] [net.minecraft.server.network.ServerGamePacketListenerImpl/]: Skeloraptor (vehicle of bengy_999) moved wrongly! 0.3379632588275854
[23Jan2025 00:08:43.765] [Server thread/WARN] [net.minecraft.server.network.ServerGamePacketListenerImpl/]: Skeloraptor (vehicle of bengy_999) moved wrongly! 0.9246789328612977
[23Jan2025 00:08:43.785] [Server thread/WARN] [net.minecraft.server.network.ServerGamePacketListenerImpl/]: Skeloraptor (vehicle of bengy_999) moved wrongly! 1.3102554215106466
[23Jan2025 00:08:43.861] [Server thread/WARN] [net.minecraft.server.network.ServerGamePacketListenerImpl/]: Skeloraptor (vehicle of bengy_999) moved wrongly! 0.6784045436550059
[23Jan2025 00:08:43.970] [Server thread/WARN] [net.minecraft.server.network.ServerGamePacketListenerImpl/]: Skeloraptor (vehicle of bengy_999) moved wrongly! 0.5250852803931139
[23Jan2025 00:08:43.971] [Server thread/WARN] [net.minecraft.server.network.ServerGamePacketListenerImpl/]: Skeloraptor (vehicle of bengy_999) moved wrongly! 1.1496352524470694
[23Jan2025 00:08:44.121] [Server thread/WARN] [net.minecraft.server.network.ServerGamePacketListenerImpl/]: Skeloraptor (vehicle of bengy_999) moved wrongly! 0.43176258659035227
[23Jan2025 00:08:44.122] [Server thread/WARN] [net.minecraft.server.network.ServerGamePacketListenerImpl/]: Skeloraptor (vehicle of bengy_999) moved wrongly! 0.43176258659035227
[23Jan2025 00:08:44.410] [Server thread/WARN] [net.minecraft.server.network.ServerGamePacketListenerImpl/]: Skeloraptor (vehicle of bengy_999) moved wrongly! 0.31239386253696466
[23Jan2025 00:08:44.428] [Server thread/WARN] [net.minecraft.server.network.ServerGamePacketListenerImpl/]: Skeloraptor (vehicle of bengy_999) moved wrongly! 0.6822165124247022
[23Jan2025 00:08:44.494] [Server thread/WARN] [net.minecraft.server.network.ServerGamePacketListenerImpl/]: Skeloraptor (vehicle of bengy_999) moved wrongly! 0.9531945815666631
[23Jan2025 00:08:44.620] [Server thread/WARN] [net.minecraft.server.network.ServerGamePacketListenerImpl/]: Skeloraptor (vehicle of bengy_999) moved wrongly! 0.33275586376699096
[23Jan2025 00:08:44.620] [Server thread/WARN] [net.minecraft.server.network.ServerGamePacketListenerImpl/]: Skeloraptor (vehicle of bengy_999) moved wrongly! 0.33275586376699096
[23Jan2025 00:08:44.621] [Server thread/WARN] [net.minecraft.server.network.ServerGamePacketListenerImpl/]: Skeloraptor (vehicle of bengy_999) moved wrongly! 0.33275586376699096
[23Jan2025 00:08:44.672] [Server thread/WARN] [net.minecraft.server.network.ServerGamePacketListenerImpl/]: Skeloraptor (vehicle of bengy_999) moved wrongly! 0.7052493627974599
[23Jan2025 00:09:07.861] [Server thread/WARN] [net.minecraft.server.network.ServerGamePacketListenerImpl/]: Skeloraptor (vehicle of bengy_999) moved wrongly! 0.30198512539345757
[23Jan2025 00:09:07.876] [Server thread/WARN] [net.minecraft.server.network.ServerGamePacketListenerImpl/]: Skeloraptor (vehicle of bengy_999) moved wrongly! 1.0378833001724388
[23Jan2025 00:09:07.961] [Server thread/WARN] [net.minecraft.server.network.ServerGamePacketListenerImpl/]: Skeloraptor (vehicle of bengy_999) moved wrongly! 1.7732366327969658
[23Jan2025 00:09:08.020] [Server thread/WARN] [net.minecraft.server.network.ServerGamePacketListenerImpl/]: Skeloraptor (vehicle of bengy_999) moved wrongly! 0.5071364535981502
[23Jan2025 00:09:11.161] [Server thread/WARN] [net.minecraft.server.network.ServerGamePacketListenerImpl/]: Skeloraptor (vehicle of bengy_999) moved wrongly! 0.3795776703857854
[23Jan2025 00:09:11.172] [Server thread/WARN] [net.minecraft.server.network.ServerGamePacketListenerImpl/]: Skeloraptor (vehicle of bengy_999) moved wrongly! 0.9958428831894963
[23Jan2025 00:09:11.262] [Server thread/WARN] [net.minecraft.server.network.ServerGamePacketListenerImpl/]: Skeloraptor (vehicle of bengy_999) moved wrongly! 1.0
[23Jan2025 00:09:11.312] [Server thread/WARN] [net.minecraft.server.network.ServerGamePacketListenerImpl/]: Skeloraptor (vehicle of bengy_999) moved wrongly! 1.0
[23Jan2025 00:09:11.371] [Server thread/WARN] [net.minecraft.server.network.ServerGamePacketListenerImpl/]: Skeloraptor (vehicle of bengy_999) moved wrongly! 1.0
[23Jan2025 00:09:11.620] [Server thread/WARN] [net.minecraft.server.network.ServerGamePacketListenerImpl/]: Skeloraptor (vehicle of bengy_999) moved wrongly! 0.3824683233831365
[23Jan2025 00:09:13.313] [Server thread/WARN] [net.minecraft.server.network.ServerGamePacketListenerImpl/]: Skeloraptor (vehicle of bengy_999) moved wrongly! 0.2835233528093113
[23Jan2025 00:09:13.370] [Server thread/WARN] [net.minecraft.server.network.ServerGamePacketListenerImpl/]: Skeloraptor (vehicle of bengy_999) moved wrongly! 0.5841879985015339
[23Jan2025 00:09:13.371] [Server thread/WARN] [net.minecraft.server.network.ServerGamePacketListenerImpl/]: Skeloraptor (vehicle of bengy_999) moved wrongly! 0.8649266748071796
[23Jan2025 00:09:13.919] [Server thread/WARN] [net.minecraft.server.network.ServerGamePacketListenerImpl/]: Skeloraptor (vehicle of bengy_999) moved wrongly! 0.28102126919418424
[23Jan2025 00:09:15.113] [Server thread/WARN] [net.minecraft.server.network.ServerGamePacketListenerImpl/]: Skeloraptor (vehicle of bengy_999) moved wrongly! 0.3741171940404229
[23Jan2025 00:09:15.161] [Server thread/WARN] [net.minecraft.server.network.ServerGamePacketListenerImpl/]: Skeloraptor (vehicle of bengy_999) moved wrongly! 0.9835683790273606
[23Jan2025 00:09:15.212] [Server thread/WARN] [net.minecraft.server.network.ServerGamePacketListenerImpl/]: Skeloraptor (vehicle of bengy_999) moved wrongly! 1.0
[23Jan2025 00:09:15.233] [Server thread/WARN] [net.minecraft.server.network.ServerGamePacketListenerImpl/]: Skeloraptor (vehicle of bengy_999) moved wrongly! 1.0
[23Jan2025 00:09:16.411] [Server thread/WARN] [net.minecraft.server.network.ServerGamePacketListenerImpl/]: Skeloraptor (vehicle of bengy_999) moved wrongly! 0.30288036595624135
[23Jan2025 00:09:16.465] [Server thread/WARN] [net.minecraft.server.network.ServerGamePacketListenerImpl/]: Skeloraptor (vehicle of bengy_999) moved wrongly! 0.8389859062547771
[23Jan2025 00:09:16.511] [Server thread/WARN] [net.minecraft.server.network.ServerGamePacketListenerImpl/]: Skeloraptor (vehicle of bengy_999) moved wrongly! 0.6671432723047745
[23Jan2025 00:09:16.661] [Server thread/WARN] [net.minecraft.server.network.ServerGamePacketListenerImpl/]: Skeloraptor (vehicle of bengy_999) moved wrongly! 0.34617777671654437
[23Jan2025 00:09:16.772] [Server thread/WARN] [net.minecraft.server.network.ServerGamePacketListenerImpl/]: Skeloraptor (vehicle of bengy_999) moved wrongly! 0.38305862559015225
[23Jan2025 00:09:17.092] [Server thread/INFO] [net.minecraft.server.MinecraftServer/]: aarincha_20160 fell from a high place
[23Jan2025 00:09:18.673] [Server thread/WARN] [net.minecraft.server.network.ServerGamePacketListenerImpl/]: Skeloraptor (vehicle of bengy_999) moved wrongly! 0.4304535190773322
[23Jan2025 00:09:19.012] [Server thread/WARN] [net.minecraft.server.network.ServerGamePacketListenerImpl/]: Skeloraptor (vehicle of bengy_999) moved wrongly! 0.3719924990276695
[23Jan2025 00:09:19.022] [Server thread/WARN] [net.minecraft.server.network.ServerGamePacketListenerImpl/]: Skeloraptor (vehicle of bengy_999) moved wrongly! 0.9987743557061037
[23Jan2025 00:09:19.162] [Server thread/WARN] [net.minecraft.server.network.ServerGamePacketListenerImpl/]: Skeloraptor (vehicle of bengy_999) moved wrongly! 0.7089668685186297
[23Jan2025 00:09:19.163] [Server thread/WARN] [net.minecraft.server.network.ServerGamePacketListenerImpl/]: Skeloraptor (vehicle of bengy_999) moved wrongly! 1.0
[23Jan2025 00:09:19.416] [Server thread/WARN] [net.minecraft.server.network.ServerGamePacketListenerImpl/]: Skeloraptor (vehicle of bengy_999) moved wrongly! 0.3102352001731674
[23Jan2025 00:09:19.465] [Server thread/WARN] [net.minecraft.server.network.ServerGamePacketListenerImpl/]: Skeloraptor (vehicle of bengy_999) moved wrongly! 0.901784568433456
[23Jan2025 00:09:19.510] [Server thread/WARN] [net.minecraft.server.network.ServerGamePacketListenerImpl/]: Skeloraptor (vehicle of bengy_999) moved wrongly! 1.0
[23Jan2025 00:09:19.561] [Server thread/WARN] [net.minecraft.server.network.ServerGamePacketListenerImpl/]: Skeloraptor (vehicle of bengy_999) moved wrongly! 1.0
[23Jan2025 00:09:19.612] [Server thread/WARN] [net.minecraft.server.network.ServerGamePacketListenerImpl/]: Skeloraptor (vehicle of bengy_999) moved wrongly! 1.0
[23Jan2025 00:09:20.961] [Server thread/WARN] [net.minecraft.server.network.ServerGamePacketListenerImpl/]: Skeloraptor (vehicle of bengy_999) moved wrongly! 0.3827370260026157
[23Jan2025 00:09:21.062] [Server thread/WARN] [net.minecraft.server.network.ServerGamePacketListenerImpl/]: Skeloraptor (vehicle of bengy_999) moved wrongly! 0.9909125531947751
[23Jan2025 00:09:21.062] [Server thread/WARN] [net.minecraft.server.network.ServerGamePacketListenerImpl/]: Skeloraptor (vehicle of bengy_999) moved wrongly! 1.0
[23Jan2025 00:09:21.276] [Server thread/WARN] [net.minecraft.server.network.ServerGamePacketListenerImpl/]: Skeloraptor (vehicle of bengy_999) moved wrongly! 0.44880574699504905
[23Jan2025 00:09:43.162] [Server thread/INFO] [net.minecraft.server.MinecraftServer/]: aarincha_20160 tried to swim in lava
[23Jan2025 00:09:47.020] [Server thread/INFO] [net.minecraft.server.MinecraftServer/]: [MazeHero547: Teleported aarincha_20160 to MazeHero547]
[23Jan2025 00:09:50.481] [Server thread/INFO] [net.minecraft.server.MinecraftServer/]: [MazeHero547: Set own game mode to Creative Mode]
[23Jan2025 00:10:02.961] [Server thread/INFO] [net.minecraft.server.MinecraftServer/]: [MazeHero547: Set own game mode to Survival Mode]
[23Jan2025 00:10:36.901] [Server thread/INFO] [net.minecraft.server.MinecraftServer/]: aarincha_20160 fell from a high place
[23Jan2025 00:10:45.692] [Server thread/INFO] [net.minecraft.server.MinecraftServer/]: [MazeHero547: Teleported aarincha_20160 to bengy_999]
[23Jan2025 00:10:46.864] [Server thread/INFO] [net.minecraft.server.MinecraftServer/]: aarincha_20160 fell from a high place
[23Jan2025 00:11:00.792] [Server thread/INFO] [net.minecraft.server.MinecraftServer/]: [MazeHero547: Teleported aarincha_20160 to MazeHero547]
[23Jan2025 00:12:14.626] [Server thread/INFO] [net.minecraft.world.entity.npc.Villager/]: Villager Villager['Nitwit'/16768, l='ServerLevel[world]', x=1157.37, y=70.94, z=819.25] died, message: 'Nitwit was slain by bengy_999'
[23Jan2025 00:14:02.309] [Server thread/INFO] [net.minecraft.server.MinecraftServer/]: MazeHero547 has made the advancement [Ol' Betsy]
[23Jan2025 00:15:05.287] [Server thread/INFO] [net.minecraft.world.entity.npc.Villager/]: Villager Villager['Cartographer'/16772, l='ServerLevel[world]', x=1147.52, y=71.00, z=818.30] died, message: 'Cartographer was slain by MazeHero547'
[23Jan2025 00:16:02.107] [Server thread/INFO] [net.minecraft.server.MinecraftServer/]: [MazeHero547: Applied effect Bad Omen to MazeHero547]
[23Jan2025 00:17:15.007] [Server thread/INFO] [net.minecraft.server.MinecraftServer/]: aarincha_20160 was shot by Pillager
[23Jan2025 00:18:03.007] [Server thread/INFO] [net.minecraft.server.MinecraftServer/]: aarincha_20160 was slain by Vindicator
[23Jan2025 00:18:06.867] [Server thread/INFO] [net.minecraft.server.MinecraftServer/]: bengy_999 has made the advancement [Take Aim]
[23Jan2025 00:18:19.561] [Server thread/INFO] [net.minecraft.server.MinecraftServer/]: bengy_999 has made the advancement [Voluntary Exile]
[23Jan2025 00:18:39.561] [Server thread/INFO] [net.minecraft.server.MinecraftServer/]: [MazeHero547: Teleported aarincha_20160 to bengy_999]
[23Jan2025 00:19:58.161] [Server thread/INFO] [net.minecraft.server.MinecraftServer/]: aarincha_20160 was slain by Vindicator
[23Jan2025 00:19:58.616] [Server thread/INFO] [net.minecraft.server.MinecraftServer/]: bengy_999 has reached the goal [Postmortal]
[23Jan2025 00:20:01.312] [Server thread/INFO] [net.minecraft.server.MinecraftServer/]: bengy_999 was slain by Ravager
[23Jan2025 00:20:23.358] [Server thread/INFO] [net.minecraft.server.MinecraftServer/]: aarincha_20160 was slain by Ravager
[23Jan2025 00:20:32.205] [Server thread/INFO] [net.minecraft.server.MinecraftServer/]: aarincha_20160 was slain by Ravager
[23Jan2025 00:21:06.281] [Server thread/INFO] [net.minecraft.server.MinecraftServer/]: aarincha_20160 was blown up by Twittollager
[23Jan2025 00:21:06.283] [Server thread/INFO] [net.minecraft.server.MinecraftServer/]: bengy_999 was blown up by Twittollager
[23Jan2025 00:21:43.108] [Server thread/INFO] [net.minecraft.server.MinecraftServer/]: bengy_999 was doomed to fall by Absorber
[23Jan2025 00:21:46.042] [Server thread/INFO] [net.minecraft.server.MinecraftServer/]: aarincha_20160 was doomed to fall by Absorber
[23Jan2025 00:22:05.856] [Server thread/INFO] [net.minecraft.server.MinecraftServer/]: aarincha_20160 was slain by Absorber
[23Jan2025 00:22:42.069] [Server thread/INFO] [net.minecraft.server.MinecraftServer/]: aarincha_20160 was blown up by Spiritcaller
[23Jan2025 00:23:16.911] [Server thread/INFO] [net.minecraft.server.MinecraftServer/]: aarincha_20160 was killed by Spiritcaller using magic
[23Jan2025 00:23:47.163] [Server thread/INFO] [net.minecraft.server.MinecraftServer/]: aarincha_20160 was killed by Spiritcaller using magic
